[0.168s] Invoking command in '/home/skulikk/robot/src/build/control_pkg': CMAKE_PREFIX_PATH=${CMAKE_PREFIX_PATH}:/opt/ros/humble /usr/bin/cmake /home/skulikk/robot/src/control_pkg -DCMAKE_INSTALL_PREFIX=/home/skulikk/robot/src/install/control_pkg
[0.977s] -- The C compiler identification is GNU 11.4.0
[1.751s] -- The CXX compiler identification is GNU 11.4.0
[1.842s] -- Detecting C compiler ABI info
[2.684s] -- Detecting C compiler ABI info - done
[2.728s] -- Check for working C compiler: /usr/bin/cc - skipped
[2.738s] -- Detecting C compile features
[2.739s] -- Detecting C compile features - done
[2.789s] -- Detecting CXX compiler ABI info
[4.012s] -- Detecting CXX compiler ABI info - done
[4.112s] -- Check for working CXX compiler: /usr/bin/c++ - skipped
[4.116s] -- Detecting CXX compile features
[4.121s] -- Detecting CXX compile features - done
[4.202s] -- Found ament_cmake: 1.3.11 (/opt/ros/humble/share/ament_cmake/cmake)
[6.079s] -- Found Python3: /usr/bin/python3 (found version "3.10.12") found components: Interpreter 
[7.750s] -- Found ament_lint_auto: 0.12.11 (/opt/ros/humble/share/ament_lint_auto/cmake)
[9.002s] -- Added test 'cppcheck' to perform static code analysis on C / C++ code
[9.004s] -- Configured cppcheck include dirs: $<BUILD_INTERFACE:/home/skulikk/robot/src/control_pkg/include>
[9.009s] -- Configured cppcheck exclude dirs and/or files: 
[9.016s] -- Added test 'lint_cmake' to check CMake code style
[9.042s] -- Added test 'uncrustify' to check C / C++ code style
[9.044s] -- Configured uncrustify additional arguments: 
[9.058s] -- Added test 'xmllint' to check XML markup files
[9.071s] -- Configuring done
[9.159s] -- Generating done
[9.191s] -- Build files have been written to: /home/skulikk/robot/src/build/control_pkg
[9.238s] Invoked command in '/home/skulikk/robot/src/build/control_pkg' returned '0': CMAKE_PREFIX_PATH=${CMAKE_PREFIX_PATH}:/opt/ros/humble /usr/bin/cmake /home/skulikk/robot/src/control_pkg -DCMAKE_INSTALL_PREFIX=/home/skulikk/robot/src/install/control_pkg
[9.243s] Invoking command in '/home/skulikk/robot/src/build/control_pkg': CMAKE_PREFIX_PATH=${CMAKE_PREFIX_PATH}:/opt/ros/humble /usr/bin/cmake --build /home/skulikk/robot/src/build/control_pkg -- -j4 -l4
[9.675s] [ 50%] [32mBuilding CXX object CMakeFiles/motor_controller_node.dir/src/motor_controller_node.cpp.o[0m
[10.129s] [01m[K/home/skulikk/robot/src/control_pkg/src/motor_controller_node.cpp:3:10:[m[K [01;31m[Kfatal error: [m[Krclcpp/rclcpp.hpp: No such file or directory
[10.130s]     3 | #include [01;31m[K"rclcpp/rclcpp.hpp"[m[K
[10.137s]       |          [01;31m[K^~~~~~~~~~~~~~~~~~~[m[K
[10.138s] compilation terminated.
[10.166s] gmake[2]: *** [CMakeFiles/motor_controller_node.dir/build.make:76: CMakeFiles/motor_controller_node.dir/src/motor_controller_node.cpp.o] Error 1
[10.168s] gmake[1]: *** [CMakeFiles/Makefile2:137: CMakeFiles/motor_controller_node.dir/all] Error 2
[10.176s] gmake: *** [Makefile:146: all] Error 2
[10.208s] Invoked command in '/home/skulikk/robot/src/build/control_pkg' returned '2': CMAKE_PREFIX_PATH=${CMAKE_PREFIX_PATH}:/opt/ros/humble /usr/bin/cmake --build /home/skulikk/robot/src/build/control_pkg -- -j4 -l4
