[0.046s] Invoking command in '/home/skulikk/robot/src/build/imu_package': /usr/bin/cmake --build /home/skulikk/robot/src/build/imu_package -- -j4 -l4
[0.133s] -- Found ament_cmake: 1.3.11 (/opt/ros/humble/share/ament_cmake/cmake)
[0.689s] -- Found ament_lint_auto: 0.12.11 (/opt/ros/humble/share/ament_lint_auto/cmake)
[0.995s] -- Added test 'cppcheck' to perform static code analysis on C / C++ code
[0.996s] -- Configured cppcheck include dirs: $<BUILD_INTERFACE:/home/skulikk/robot/src/imu_package/include>
[0.996s] -- Configured cppcheck exclude dirs and/or files: 
[0.999s] -- Added test 'lint_cmake' to check CMake code style
[1.005s] -- Added test 'uncrustify' to check C / C++ code style
[1.006s] -- Configured uncrustify additional arguments: 
[1.007s] -- Added test 'xmllint' to check XML markup files
[1.012s] -- Configuring done
[1.036s] -- Generating done
[1.047s] -- Build files have been written to: /home/skulikk/robot/src/build/imu_package
[1.172s] [ 50%] [32mBuilding CXX object CMakeFiles/imu_node.dir/src/imu_node.cpp.o[0m
[1.404s] [01m[K/home/skulikk/robot/src/imu_package/src/imu_node.cpp:16:10:[m[K [01;31m[Kfatal error: [m[Krclcpp/rclcpp.hpp: No such file or directory
[1.405s]    16 | #include [01;31m[K"rclcpp/rclcpp.hpp"[m[K
[1.405s]       |          [01;31m[K^~~~~~~~~~~~~~~~~~~[m[K
[1.405s] compilation terminated.
[1.410s] gmake[2]: *** [CMakeFiles/imu_node.dir/build.make:76: CMakeFiles/imu_node.dir/src/imu_node.cpp.o] Error 1
[1.411s] gmake[1]: *** [CMakeFiles/Makefile2:137: CMakeFiles/imu_node.dir/all] Error 2
[1.412s] gmake: *** [Makefile:146: all] Error 2
[1.419s] Invoked command in '/home/skulikk/robot/src/build/imu_package' returned '2': /usr/bin/cmake --build /home/skulikk/robot/src/build/imu_package -- -j4 -l4
