[0.102s] Invoking command in '/home/skulikk/robot/build/control_pkg': CMAKE_PREFIX_PATH=${CMAKE_PREFIX_PATH}:/opt/ros/humble /usr/bin/cmake --build /home/skulikk/robot/build/control_pkg -- -j4 -l4
[0.199s] -- Found ament_cmake: 1.3.11 (/opt/ros/humble/share/ament_cmake/cmake)
[1.086s] -- Override CMake install command with custom implementation using symlinks instead of copying resources
[1.193s] -- Found rclcpp: 16.0.11 (/opt/ros/humble/share/rclcpp/cmake)
[1.373s] -- Found rosidl_generator_c: 3.1.6 (/opt/ros/humble/share/rosidl_generator_c/cmake)
[1.387s] -- Found rosidl_adapter: 3.1.6 (/opt/ros/humble/share/rosidl_adapter/cmake)
[1.423s] -- Found rosidl_generator_cpp: 3.1.6 (/opt/ros/humble/share/rosidl_generator_cpp/cmake)
[1.474s] -- Using all available rosidl_typesupport_c: rosidl_typesupport_fastrtps_c;rosidl_typesupport_introspection_c
[1.538s] -- Using all available rosidl_typesupport_cpp: rosidl_typesupport_fastrtps_cpp;rosidl_typesupport_introspection_cpp
[2.220s] -- Found rmw_implementation_cmake: 6.1.2 (/opt/ros/humble/share/rmw_implementation_cmake/cmake)
[2.230s] -- Found rmw_fastrtps_cpp: 6.2.7 (/opt/ros/humble/share/rmw_fastrtps_cpp/cmake)
[3.431s] -- Using RMW implementation 'rmw_fastrtps_cpp' as default
[3.651s] -- Found sensors_pkg: 0.0.0 (/home/skulikk/robot/install/sensors_pkg/share/sensors_pkg/cmake)
[3.715s] -- Found ament_lint_auto: 0.12.11 (/opt/ros/humble/share/ament_lint_auto/cmake)
[4.039s] -- Added test 'cppcheck' to perform static code analysis on C / C++ code
[4.040s] -- Configured cppcheck include dirs: $<BUILD_INTERFACE:/home/skulikk/robot/src/control_pkg/include>
[4.040s] -- Configured cppcheck exclude dirs and/or files: 
[4.043s] -- Added test 'lint_cmake' to check CMake code style
[4.050s] -- Added test 'uncrustify' to check C / C++ code style
[4.050s] -- Configured uncrustify additional arguments: 
[4.052s] -- Added test 'xmllint' to check XML markup files
[4.060s] -- Configuring done
[4.122s] -- Generating done
[4.138s] -- Build files have been written to: /home/skulikk/robot/build/control_pkg
[4.240s] [35m[1mConsolidate compiler generated dependencies of target motor_controller_node[0m
[4.332s] [ 50%] [32mBuilding CXX object CMakeFiles/motor_controller_node.dir/src/motor_controller_node.cpp.o[0m
[5.802s] [01m[K/home/skulikk/robot/src/control_pkg/src/motor_controller_node.cpp:3:10:[m[K [01;31m[Kfatal error: [m[Ksensors_pkg/msg/encoder_data.hpp: No such file or directory
[5.802s]     3 | #include [01;31m[K"sensors_pkg/msg/encoder_data.hpp"[m[K
[5.803s]       |          [01;31m[K^~~~~~~~~~~~~~~~~~~~~~~~~~~~~~~~~~[m[K
[5.803s] compilation terminated.
[5.844s] gmake[2]: *** [CMakeFiles/motor_controller_node.dir/build.make:76: CMakeFiles/motor_controller_node.dir/src/motor_controller_node.cpp.o] Error 1
[5.846s] gmake[1]: *** [CMakeFiles/Makefile2:137: CMakeFiles/motor_controller_node.dir/all] Error 2
[5.849s] gmake: *** [Makefile:146: all] Error 2
[5.858s] Invoked command in '/home/skulikk/robot/build/control_pkg' returned '2': CMAKE_PREFIX_PATH=${CMAKE_PREFIX_PATH}:/opt/ros/humble /usr/bin/cmake --build /home/skulikk/robot/build/control_pkg -- -j4 -l4
