[0.082s] Invoking command in '/home/skulikk/robot/build/control_pkg': CMAKE_PREFIX_PATH=/home/skulikk/robot/install/sensors_pkg:/home/skulikk/robot/install/control_pkg:/opt/ros/humble /usr/bin/cmake --build /home/skulikk/robot/build/control_pkg -- -j4 -l4
[0.511s] [35m[1mConsolidate compiler generated dependencies of target motor_controller_node[0m
[0.777s] [ 50%] [32mBuilding CXX object CMakeFiles/motor_controller_node.dir/src/motor_controller_node.cpp.o[0m
[18.517s] [01m[K/home/skulikk/robot/src/control_pkg/src/motor_controller_node.cpp:[m[K In member function â€˜[01m[Kvoid ImuAngleSubscriber::imu_callback(std_msgs::msg::Float32_<std::allocator<void> >::SharedPtr) const[m[Kâ€™:
[18.518s] [01m[K/home/skulikk/robot/src/control_pkg/src/motor_controller_node.cpp:33:16:[m[K [01;31m[Kerror: [m[Kassignment of member â€˜[01m[KImuAngleSubscriber::imu_angle_[m[Kâ€™ in read-only object
[18.518s]    33 |     [01;31m[Kimu_angle_ = msg->data[m[K;
[18.519s]       |     [01;31m[K~~~~~~~~~~~^~~~~~~~~~~[m[K
[18.525s] [01m[K/home/skulikk/robot/src/control_pkg/src/motor_controller_node.cpp:[m[K In member function â€˜[01m[Kvoid ImuAngleSubscriber::encoder_callback(sensors_pkg::msg::EncoderData_<std::allocator<void> >::SharedPtr) const[m[Kâ€™:
[18.526s] [01m[K/home/skulikk/robot/src/control_pkg/src/motor_controller_node.cpp:38:11:[m[K [01;31m[Kerror: [m[Kassignment of member â€˜[01m[KImuAngleSubscriber::rpm1_[m[Kâ€™ in read-only object
[18.526s]    38 |     [01;31m[Krpm1_ = msg->rpm1[m[K;
[18.527s]       |     [01;31m[K~~~~~~^~~~~~~~~~~[m[K
[18.527s] [01m[K/home/skulikk/robot/src/control_pkg/src/motor_controller_node.cpp:39:11:[m[K [01;31m[Kerror: [m[Kassignment of member â€˜[01m[KImuAngleSubscriber::rpm2_[m[Kâ€™ in read-only object
[18.528s]    39 |     [01;31m[Krpm2_ = msg->rpm2[m[K;
[18.528s]       |     [01;31m[K~~~~~~^~~~~~~~~~~[m[K
[42.095s] gmake[2]: *** [CMakeFiles/motor_controller_node.dir/build.make:76: CMakeFiles/motor_controller_node.dir/src/motor_controller_node.cpp.o] Error 1
[42.098s] gmake[1]: *** [CMakeFiles/Makefile2:137: CMakeFiles/motor_controller_node.dir/all] Error 2
[42.101s] gmake: *** [Makefile:146: all] Error 2
[42.121s] Invoked command in '/home/skulikk/robot/build/control_pkg' returned '2': CMAKE_PREFIX_PATH=/home/skulikk/robot/install/sensors_pkg:/home/skulikk/robot/install/control_pkg:/opt/ros/humble /usr/bin/cmake --build /home/skulikk/robot/build/control_pkg -- -j4 -l4
